0 info it worked if it ends with ok
1 verbose cli [ '/home/ng2-sys/.nvm/versions/node/v5.0.0/bin/node',
1 verbose cli   '/home/ng2-sys/.nvm/versions/node/v5.0.0/bin/npm',
1 verbose cli   'install',
1 verbose cli   'angular@2.0.0-beta.12',
1 verbose cli   '-save' ]
2 info using npm@3.3.6
3 info using node@v5.0.0
4 silly loadCurrentTree Starting
5 silly install loadCurrentTree
6 silly install readLocalPackageData
7 silly fetchPackageMetaData angular@2.0.0-beta.12
8 silly fetchNamedPackageData angular
9 silly mapToRegistry name angular
10 silly mapToRegistry using default registry
11 silly mapToRegistry registry https://registry.npmjs.org/
12 silly mapToRegistry uri https://registry.npmjs.org/angular
13 verbose request uri https://registry.npmjs.org/angular
14 verbose request no auth needed
15 info attempt registry request try #1 at 7:18:05 PM
16 verbose request id 8337e88ac8324788
17 http request GET https://registry.npmjs.org/angular
18 http 200 https://registry.npmjs.org/angular
19 verbose headers { server: 'CouchDB/1.5.0 (Erlang OTP/R16B03)',
19 verbose headers   etag: '"E1DHW1DB238VHRBK1SOXZ91FH"',
19 verbose headers   'content-type': 'application/json',
19 verbose headers   'content-encoding': 'gzip',
19 verbose headers   'cache-control': 'max-age=300',
19 verbose headers   'content-length': '14986',
19 verbose headers   'accept-ranges': 'bytes',
19 verbose headers   date: 'Sat, 09 Apr 2016 13:48:08 GMT',
19 verbose headers   via: '1.1 varnish',
19 verbose headers   age: '283',
19 verbose headers   connection: 'keep-alive',
19 verbose headers   'x-served-by': 'cache-sin6926-SIN',
19 verbose headers   'x-cache': 'HIT',
19 verbose headers   'x-cache-hits': '1',
19 verbose headers   'x-timer': 'S1460209688.914088,VS0,VE0',
19 verbose headers   vary: 'Accept-Encoding' }
20 silly get cb [ 200,
20 silly get   { server: 'CouchDB/1.5.0 (Erlang OTP/R16B03)',
20 silly get     etag: '"E1DHW1DB238VHRBK1SOXZ91FH"',
20 silly get     'content-type': 'application/json',
20 silly get     'content-encoding': 'gzip',
20 silly get     'cache-control': 'max-age=300',
20 silly get     'content-length': '14986',
20 silly get     'accept-ranges': 'bytes',
20 silly get     date: 'Sat, 09 Apr 2016 13:48:08 GMT',
20 silly get     via: '1.1 varnish',
20 silly get     age: '283',
20 silly get     connection: 'keep-alive',
20 silly get     'x-served-by': 'cache-sin6926-SIN',
20 silly get     'x-cache': 'HIT',
20 silly get     'x-cache-hits': '1',
20 silly get     'x-timer': 'S1460209688.914088,VS0,VE0',
20 silly get     vary: 'Accept-Encoding' } ]
21 verbose get saving angular to /home/ng2-sys/.npm/registry.npmjs.org/angular/.cache.json
22 silly fetchPackageMetaData Error: No compatible version found: angular@2.0.0-beta.12
22 silly fetchPackageMetaData Valid install targets:
22 silly fetchPackageMetaData ["1.5.3","1.5.2","1.5.1","1.5.0","1.5.0-rc.2","1.5.0-rc.1","1.5.0-rc.0","1.5.0-beta.2","1.5.0-beta.0","1.4.10","1.4.9","1.4.8","1.4.7","1.4.6","1.4.5","1.4.4","1.4.3","1.4.2","1.4.1","1.4.0","1.4.0-rc.2","1.4.0-rc.1","1.4.0-rc.0","1.4.0-beta.6","1.4.0-beta.5","1.4.0-beta.4","1.4.0-beta.3","1.4.0-beta.2","1.4.0-beta.1","1.4.0-beta.0","1.3.20","1.3.19","1.3.18","1.3.17","1.3.16","1.3.15","1.3.14","1.3.13","1.3.12","1.3.11","1.3.10","1.3.9","1.3.8","1.3.7","1.3.6","1.3.5","1.3.4","1.3.4-build.3588","1.3.3","1.3.2","1.3.1","1.3.0","1.3.0-rc.5","1.2.29","1.2.28","1.2.27","1.2.23","1.2.22","1.2.21","1.2.20","1.2.19","1.2.18","1.2.17","1.2.16","1.2.15","1.2.14","1.2.13","1.2.12","1.2.11","1.2.10","1.2.9","1.2.8","1.2.7","1.2.6","1.2.5","1.2.4","1.2.3","1.2.2","1.2.1","1.2.0","1.1.5","1.1.4","1.1.3","1.1.2","1.1.1","1.1.0","1.0.8","1.0.7","1.0.6","1.0.5","1.0.4","1.0.3","1.0.2","1.0.1","1.0.0","0.0.4","0.0.3","0.0.2","0.0.1","0.0.1-2","0.0.1-1"]
22 silly fetchPackageMetaData
22 silly fetchPackageMetaData     at pickVersionFromRegistryDocument (/home/ng2-sys/.nvm/versions/node/v5.0.0/lib/node_modules/npm/lib/fetch-package-metadata.js:146:16)
22 silly fetchPackageMetaData     at /home/ng2-sys/.nvm/versions/node/v5.0.0/lib/node_modules/npm/node_modules/iferr/index.js:13:50
22 silly fetchPackageMetaData     at /home/ng2-sys/.nvm/versions/node/v5.0.0/lib/node_modules/npm/lib/utils/pulse-till-done.js:19:8
22 silly fetchPackageMetaData     at saved (/home/ng2-sys/.nvm/versions/node/v5.0.0/lib/node_modules/npm/lib/cache/caching-client.js:168:7)
22 silly fetchPackageMetaData     at /home/ng2-sys/.nvm/versions/node/v5.0.0/lib/node_modules/npm/node_modules/graceful-fs/polyfills.js:210:7
22 silly fetchPackageMetaData     at FSReqWrap.oncomplete (fs.js:82:15)
22 silly fetchPackageMetaData  error for angular@2.0.0-beta.12 [Error: No compatible version found: angular@2.0.0-beta.12
22 silly fetchPackageMetaData Valid install targets:
22 silly fetchPackageMetaData ["1.5.3","1.5.2","1.5.1","1.5.0","1.5.0-rc.2","1.5.0-rc.1","1.5.0-rc.0","1.5.0-beta.2","1.5.0-beta.0","1.4.10","1.4.9","1.4.8","1.4.7","1.4.6","1.4.5","1.4.4","1.4.3","1.4.2","1.4.1","1.4.0","1.4.0-rc.2","1.4.0-rc.1","1.4.0-rc.0","1.4.0-beta.6","1.4.0-beta.5","1.4.0-beta.4","1.4.0-beta.3","1.4.0-beta.2","1.4.0-beta.1","1.4.0-beta.0","1.3.20","1.3.19","1.3.18","1.3.17","1.3.16","1.3.15","1.3.14","1.3.13","1.3.12","1.3.11","1.3.10","1.3.9","1.3.8","1.3.7","1.3.6","1.3.5","1.3.4","1.3.4-build.3588","1.3.3","1.3.2","1.3.1","1.3.0","1.3.0-rc.5","1.2.29","1.2.28","1.2.27","1.2.23","1.2.22","1.2.21","1.2.20","1.2.19","1.2.18","1.2.17","1.2.16","1.2.15","1.2.14","1.2.13","1.2.12","1.2.11","1.2.10","1.2.9","1.2.8","1.2.7","1.2.6","1.2.5","1.2.4","1.2.3","1.2.2","1.2.1","1.2.0","1.1.5","1.1.4","1.1.3","1.1.2","1.1.1","1.1.0","1.0.8","1.0.7","1.0.6","1.0.5","1.0.4","1.0.3","1.0.2","1.0.1","1.0.0","0.0.4","0.0.3","0.0.2","0.0.1","0.0.1-2","0.0.1-1"]
22 silly fetchPackageMetaData ]
23 silly rollbackFailedOptional Starting
24 silly rollbackFailedOptional Finishing
25 silly runTopLevelLifecycles Starting
26 silly runTopLevelLifecycles Finishing
27 silly install printInstalled
28 verbose stack Error: No compatible version found: angular@2.0.0-beta.12
28 verbose stack Valid install targets:
28 verbose stack ["1.5.3","1.5.2","1.5.1","1.5.0","1.5.0-rc.2","1.5.0-rc.1","1.5.0-rc.0","1.5.0-beta.2","1.5.0-beta.0","1.4.10","1.4.9","1.4.8","1.4.7","1.4.6","1.4.5","1.4.4","1.4.3","1.4.2","1.4.1","1.4.0","1.4.0-rc.2","1.4.0-rc.1","1.4.0-rc.0","1.4.0-beta.6","1.4.0-beta.5","1.4.0-beta.4","1.4.0-beta.3","1.4.0-beta.2","1.4.0-beta.1","1.4.0-beta.0","1.3.20","1.3.19","1.3.18","1.3.17","1.3.16","1.3.15","1.3.14","1.3.13","1.3.12","1.3.11","1.3.10","1.3.9","1.3.8","1.3.7","1.3.6","1.3.5","1.3.4","1.3.4-build.3588","1.3.3","1.3.2","1.3.1","1.3.0","1.3.0-rc.5","1.2.29","1.2.28","1.2.27","1.2.23","1.2.22","1.2.21","1.2.20","1.2.19","1.2.18","1.2.17","1.2.16","1.2.15","1.2.14","1.2.13","1.2.12","1.2.11","1.2.10","1.2.9","1.2.8","1.2.7","1.2.6","1.2.5","1.2.4","1.2.3","1.2.2","1.2.1","1.2.0","1.1.5","1.1.4","1.1.3","1.1.2","1.1.1","1.1.0","1.0.8","1.0.7","1.0.6","1.0.5","1.0.4","1.0.3","1.0.2","1.0.1","1.0.0","0.0.4","0.0.3","0.0.2","0.0.1","0.0.1-2","0.0.1-1"]
28 verbose stack
28 verbose stack     at pickVersionFromRegistryDocument (/home/ng2-sys/.nvm/versions/node/v5.0.0/lib/node_modules/npm/lib/fetch-package-metadata.js:146:16)
28 verbose stack     at /home/ng2-sys/.nvm/versions/node/v5.0.0/lib/node_modules/npm/node_modules/iferr/index.js:13:50
28 verbose stack     at /home/ng2-sys/.nvm/versions/node/v5.0.0/lib/node_modules/npm/lib/utils/pulse-till-done.js:19:8
28 verbose stack     at saved (/home/ng2-sys/.nvm/versions/node/v5.0.0/lib/node_modules/npm/lib/cache/caching-client.js:168:7)
28 verbose stack     at /home/ng2-sys/.nvm/versions/node/v5.0.0/lib/node_modules/npm/node_modules/graceful-fs/polyfills.js:210:7
28 verbose stack     at FSReqWrap.oncomplete (fs.js:82:15)
29 verbose cwd /home/ng2-sys/work/final/public
30 error Linux 3.2.0-94-generic
31 error argv "/home/ng2-sys/.nvm/versions/node/v5.0.0/bin/node" "/home/ng2-sys/.nvm/versions/node/v5.0.0/bin/npm" "install" "angular@2.0.0-beta.12" "-save"
32 error node v5.0.0
33 error npm  v3.3.6
34 error No compatible version found: angular@2.0.0-beta.12
34 error Valid install targets:
34 error ["1.5.3","1.5.2","1.5.1","1.5.0","1.5.0-rc.2","1.5.0-rc.1","1.5.0-rc.0","1.5.0-beta.2","1.5.0-beta.0","1.4.10","1.4.9","1.4.8","1.4.7","1.4.6","1.4.5","1.4.4","1.4.3","1.4.2","1.4.1","1.4.0","1.4.0-rc.2","1.4.0-rc.1","1.4.0-rc.0","1.4.0-beta.6","1.4.0-beta.5","1.4.0-beta.4","1.4.0-beta.3","1.4.0-beta.2","1.4.0-beta.1","1.4.0-beta.0","1.3.20","1.3.19","1.3.18","1.3.17","1.3.16","1.3.15","1.3.14","1.3.13","1.3.12","1.3.11","1.3.10","1.3.9","1.3.8","1.3.7","1.3.6","1.3.5","1.3.4","1.3.4-build.3588","1.3.3","1.3.2","1.3.1","1.3.0","1.3.0-rc.5","1.2.29","1.2.28","1.2.27","1.2.23","1.2.22","1.2.21","1.2.20","1.2.19","1.2.18","1.2.17","1.2.16","1.2.15","1.2.14","1.2.13","1.2.12","1.2.11","1.2.10","1.2.9","1.2.8","1.2.7","1.2.6","1.2.5","1.2.4","1.2.3","1.2.2","1.2.1","1.2.0","1.1.5","1.1.4","1.1.3","1.1.2","1.1.1","1.1.0","1.0.8","1.0.7","1.0.6","1.0.5","1.0.4","1.0.3","1.0.2","1.0.1","1.0.0","0.0.4","0.0.3","0.0.2","0.0.1","0.0.1-2","0.0.1-1"]
35 error If you need help, you may report this error at:
35 error     <https://github.com/npm/npm/issues>
36 verbose exit [ 1, true ]
